<?xml version="1.0" encoding="UTF-8"?>
<robot generator="Robot 4.0.3 (Python 3.10.6 on win32)" generated="20221107 09:59:10.290" rpa="false" schemaversion="2">
<suite id="s1" name="Test" source="C:\Users\Yauheni_Shaludzko\Desktop\TAhomework\pythonprojectown-main\Tests\test.robot">
<kw name="Connect To Database" type="SETUP">
<arg>pymssql</arg>
<arg>${DBName}</arg>
<arg>${DBUser}</arg>
<arg>${DBPass}</arg>
<arg>${DBServer}</arg>
<msg timestamp="20221107 09:59:10.308" level="FAIL">No keyword with name 'Connect To Database' found.</msg>
<status status="FAIL" starttime="20221107 09:59:10.308" endtime="20221107 09:59:10.308"/>
</kw>
<test id="s1-t1" name="Verify row count">
<doc>|
| TC1. Verify Row Count
|</doc>
<tag>[Person].[Address] Table</tag>
<status status="FAIL" starttime="20221107 09:59:10.308" endtime="20221107 09:59:10.309">Parent suite setup failed:
No keyword with name 'Connect To Database' found.</status>
</test>
<test id="s1-t2" name="get count unique StateProvinceID values">
<doc>|
| TC2. Verify uniquness of StateProvinceID column
|</doc>
<tag>[Person].[Address] Table</tag>
<status status="FAIL" starttime="20221107 09:59:10.310" endtime="20221107 09:59:10.310">Parent suite setup failed:
No keyword with name 'Connect To Database' found.</status>
</test>
<test id="s1-t3" name="get count Not Null AddresLine2 values">
<doc>|
| TC3. Verify count of not null AddressLine2
|</doc>
<tag>[Person].[Address] Table</tag>
<status status="FAIL" starttime="20221107 09:59:10.312" endtime="20221107 09:59:10.312">Parent suite setup failed:
No keyword with name 'Connect To Database' found.</status>
</test>
<test id="s1-t4" name="ModifiedDate in the future">
<doc>|
| TC4. Check that no exist ModifiedDate in the future
|</doc>
<tag>[Person].[Address] Table</tag>
<status status="FAIL" starttime="20221107 09:59:10.314" endtime="20221107 09:59:10.314">Parent suite setup failed:
No keyword with name 'Connect To Database' found.</status>
</test>
<test id="s1-t5" name="Max lenght of DocumentSummary">
<doc>|
| TC5. Check MAX length of the DocumentSummary column
|</doc>
<tag>[Production].[Document] Table</tag>
<status status="FAIL" starttime="20221107 09:59:10.315" endtime="20221107 09:59:10.315">Parent suite setup failed:
No keyword with name 'Connect To Database' found.</status>
</test>
<test id="s1-t6" name="Flag value not in range">
<doc>|
| TC6. Check the FolderFlag column values in the valid range
|</doc>
<tag>[Production].[Document] Table</tag>
<status status="FAIL" starttime="20221107 09:59:10.317" endtime="20221107 09:59:10.317">Parent suite setup failed:
No keyword with name 'Connect To Database' found.</status>
</test>
<test id="s1-t7" name="Count unique values">
<doc>|
| TC7. Check the that measures are unique
|</doc>
<tag>[Production].[UnitMeasure] Table</tag>
<status status="FAIL" starttime="20221107 09:59:10.318" endtime="20221107 09:59:10.319">Parent suite setup failed:
No keyword with name 'Connect To Database' found.</status>
</test>
<test id="s1-t8" name="Duplicates">
<doc>|
| TC8. Duplicates check
|</doc>
<tag>[Production].[UnitMeasure] Table</tag>
<status status="FAIL" starttime="20221107 09:59:10.319" endtime="20221107 09:59:10.320">Parent suite setup failed:
No keyword with name 'Connect To Database' found.</status>
</test>
<doc>DQ checks for [AdventureWorks2012] database</doc>
<status status="FAIL" starttime="20221107 09:59:10.291" endtime="20221107 09:59:10.320">Suite setup failed:
No keyword with name 'Connect To Database' found.</status>
</suite>
<statistics>
<total>
<stat pass="0" fail="8" skip="0">All Tests</stat>
</total>
<tag>
<stat pass="0" fail="4" skip="0">[Person].[Address] Table</stat>
<stat pass="0" fail="2" skip="0">[Production].[Document] Table</stat>
<stat pass="0" fail="2" skip="0">[Production].[UnitMeasure] Table</stat>
</tag>
<suite>
<stat pass="0" fail="8" skip="0" id="s1" name="Test">Test</stat>
</suite>
</statistics>
<errors>
<msg timestamp="20221107 09:59:10.306" level="ERROR">Error in file 'C:\Users\Yauheni_Shaludzko\Desktop\TAhomework\pythonprojectown-main\Tests\test.robot' on line 4: Resource file 'variables.robot' does not exist.</msg>
</errors>
</robot>
